<?xml version="1.0" encoding="UTF-8"?>
<!-- Generated by org.testng.reporters.JUnitXMLReporter -->
<testsuite ignored="1" hostname="DESKTOP-E3FD4UA" failures="0" tests="2" name="Test" time="0.388" errors="0" timestamp="2023-01-24T22:59:19 IST">
  <testcase classname="TestngRunner.GroupingTest" name="doink" time="0.056"/>
  <testcase classname="TestngRunner.GroupingTest" name="zomatto" time="0.012"/>
  <testcase classname="TestngRunner.GroupingTest" name="amazon" time="0.0">
    <ignored/>
  </testcase> <!-- amazon -->
</testsuite> <!-- Test -->
