<?xml version="1.0" encoding="UTF-8"?>
<testng-results ignored="1" total="3" passed="2" failed="0" skipped="0">
  <reporter-output>
  </reporter-output>
  <suite started-at="2023-01-24T22:59:19 IST" name="Suite" finished-at="2023-01-24T22:59:19 IST" duration-ms="388">
    <groups>
      <group name="delivery">
        <method signature="GroupingTest.doink()[pri:0, instance:TestngRunner.GroupingTest@537f60bf]" name="doink" class="TestngRunner.GroupingTest"/>
        <method signature="GroupingTest.zomatto()[pri:0, instance:TestngRunner.GroupingTest@537f60bf]" name="zomatto" class="TestngRunner.GroupingTest"/>
      </group> <!-- delivery -->
    </groups>
    <test started-at="2023-01-24T22:59:19 IST" name="Test" finished-at="2023-01-24T22:59:19 IST" duration-ms="388">
      <class name="TestngRunner.GroupingTest">
        <test-method signature="doink()[pri:0, instance:TestngRunner.GroupingTest@537f60bf]" started-at="2023-01-24T22:59:19 IST" name="doink" finished-at="2023-01-24T22:59:19 IST" duration-ms="56" status="PASS">
          <reporter-output>
          </reporter-output>
        </test-method> <!-- doink -->
        <test-method signature="zomatto()[pri:0, instance:TestngRunner.GroupingTest@537f60bf]" started-at="2023-01-24T22:59:19 IST" name="zomatto" finished-at="2023-01-24T22:59:19 IST" duration-ms="12" status="PASS">
          <reporter-output>
          </reporter-output>
        </test-method> <!-- zomatto -->
      </class> <!-- TestngRunner.GroupingTest -->
    </test> <!-- Test -->
  </suite> <!-- Suite -->
</testng-results>
